2024-08-30T09:29:11.335+05:30  INFO 10000 --- [restartedMain] com.MainAcademy                          : Starting MainAcademy using Java 17.0.10 with PID 10000 (C:\Users\neera\CapstoneProject\academy-module\target\classes started by neeraj in C:\Users\neera\CapstoneProject\academy-module)
2024-08-30T09:29:11.372+05:30  INFO 10000 --- [restartedMain] com.MainAcademy                          : No active profile set, falling back to 1 default profile: "default"
2024-08-30T09:29:11.555+05:30  INFO 10000 --- [restartedMain] .e.DevToolsPropertyDefaultsPostProcessor : Devtools property defaults active! Set 'spring.devtools.add-properties' to 'false' to disable
2024-08-30T09:29:11.557+05:30  INFO 10000 --- [restartedMain] .e.DevToolsPropertyDefaultsPostProcessor : For additional web related logging consider setting the 'logging.level.web' property to 'DEBUG'
2024-08-30T09:29:17.207+05:30  INFO 10000 --- [restartedMain] .s.d.r.c.RepositoryConfigurationDelegate : Bootstrapping Spring Data JPA repositories in DEFAULT mode.
2024-08-30T09:29:18.714+05:30  INFO 10000 --- [restartedMain] .s.d.r.c.RepositoryConfigurationDelegate : Finished Spring Data repository scanning in 1488 ms. Found 1 JPA repository interfaces.
2024-08-30T09:29:19.342+05:30  INFO 10000 --- [restartedMain] o.s.cloud.context.scope.GenericScope     : BeanFactory id=e737c610-095a-3f16-bedd-5763e8ec1a2d
2024-08-30T09:29:20.915+05:30  INFO 10000 --- [restartedMain] o.s.b.w.embedded.tomcat.TomcatWebServer  : Tomcat initialized with port(s): 9001 (http)
2024-08-30T09:29:20.951+05:30  INFO 10000 --- [restartedMain] o.apache.catalina.core.StandardService   : Starting service [Tomcat]
2024-08-30T09:29:20.952+05:30  INFO 10000 --- [restartedMain] o.apache.catalina.core.StandardEngine    : Starting Servlet engine: [Apache Tomcat/10.1.8]
2024-08-30T09:29:21.148+05:30  INFO 10000 --- [restartedMain] o.a.c.c.C.[Tomcat].[localhost].[/]       : Initializing Spring embedded WebApplicationContext
2024-08-30T09:29:21.149+05:30  INFO 10000 --- [restartedMain] w.s.c.ServletWebServerApplicationContext : Root WebApplicationContext: initialization completed in 9589 ms
2024-08-30T09:29:21.595+05:30  INFO 10000 --- [restartedMain] com.zaxxer.hikari.HikariDataSource       : HikariPool-1 - Starting...
2024-08-30T09:29:22.464+05:30  INFO 10000 --- [restartedMain] com.zaxxer.hikari.pool.HikariPool        : HikariPool-1 - Added connection com.mysql.cj.jdbc.ConnectionImpl@1c73f85a
2024-08-30T09:29:22.472+05:30  INFO 10000 --- [restartedMain] com.zaxxer.hikari.HikariDataSource       : HikariPool-1 - Start completed.
2024-08-30T09:29:22.590+05:30  INFO 10000 --- [restartedMain] o.hibernate.jpa.internal.util.LogHelper  : HHH000204: Processing PersistenceUnitInfo [name: default]
2024-08-30T09:29:22.835+05:30  INFO 10000 --- [restartedMain] org.hibernate.Version                    : HHH000412: Hibernate ORM core version 6.2.2.Final
2024-08-30T09:29:22.852+05:30  INFO 10000 --- [restartedMain] org.hibernate.cfg.Environment            : HHH000406: Using bytecode reflection optimizer
2024-08-30T09:29:23.509+05:30  INFO 10000 --- [restartedMain] o.h.b.i.BytecodeProviderInitiator        : HHH000021: Bytecode provider name : bytebuddy
2024-08-30T09:29:23.820+05:30  INFO 10000 --- [restartedMain] o.s.o.j.p.SpringPersistenceUnitInfo      : No LoadTimeWeaver setup: ignoring JPA class transformer
2024-08-30T09:29:23.945+05:30  INFO 10000 --- [restartedMain] org.hibernate.orm.dialect                : HHH035001: Using dialect: org.hibernate.dialect.MySQL8Dialect, version: 8.0
2024-08-30T09:29:23.950+05:30  WARN 10000 --- [restartedMain] org.hibernate.orm.deprecation            : HHH90000026: MySQL8Dialect has been deprecated; use org.hibernate.dialect.MySQLDialect instead
2024-08-30T09:29:24.431+05:30  INFO 10000 --- [restartedMain] o.h.b.i.BytecodeProviderInitiator        : HHH000021: Bytecode provider name : bytebuddy
2024-08-30T09:29:26.072+05:30  INFO 10000 --- [restartedMain] o.h.e.t.j.p.i.JtaPlatformInitiator       : HHH000490: Using JtaPlatform implementation: [org.hibernate.engine.transaction.jta.platform.internal.NoJtaPlatform]
2024-08-30T09:29:26.084+05:30  INFO 10000 --- [restartedMain] j.LocalContainerEntityManagerFactoryBean : Initialized JPA EntityManagerFactory for persistence unit 'default'
2024-08-30T09:29:27.207+05:30  WARN 10000 --- [restartedMain] JpaBaseConfiguration$JpaWebConfiguration : spring.jpa.open-in-view is enabled by default. Therefore, database queries may be performed during view rendering. Explicitly configure spring.jpa.open-in-view to disable this warning
2024-08-30T09:29:28.732+05:30  WARN 10000 --- [restartedMain] o.s.b.d.a.OptionalLiveReloadServer       : Unable to start LiveReload server
2024-08-30T09:29:29.236+05:30  INFO 10000 --- [restartedMain] DiscoveryClientOptionalArgsConfiguration : Eureka HTTP Client uses RestTemplate.
2024-08-30T09:29:30.094+05:30  WARN 10000 --- [restartedMain] iguration$LoadBalancerCaffeineWarnLogger : Spring Cloud LoadBalancer is currently working with the default cache. While this cache implementation is useful for development and tests, it's recommended to use Caffeine cache in production.You can switch to using Caffeine cache, by adding it and org.springframework.cache.caffeine.CaffeineCacheManager to the classpath.
2024-08-30T09:29:30.285+05:30  INFO 10000 --- [restartedMain] o.s.c.n.eureka.InstanceInfoFactory       : Setting initial instance status as: STARTING
2024-08-30T09:29:30.616+05:30  INFO 10000 --- [restartedMain] com.netflix.discovery.DiscoveryClient    : Initializing Eureka in region us-east-1
2024-08-30T09:29:30.641+05:30  INFO 10000 --- [restartedMain] c.n.d.s.r.aws.ConfigClusterResolver      : Resolving eureka endpoints via configuration
2024-08-30T09:29:30.733+05:30  INFO 10000 --- [restartedMain] com.netflix.discovery.DiscoveryClient    : Disable delta property : false
2024-08-30T09:29:30.735+05:30  INFO 10000 --- [restartedMain] com.netflix.discovery.DiscoveryClient    : Single vip registry refresh property : null
2024-08-30T09:29:30.735+05:30  INFO 10000 --- [restartedMain] com.netflix.discovery.DiscoveryClient    : Force full registry fetch : false
2024-08-30T09:29:30.735+05:30  INFO 10000 --- [restartedMain] com.netflix.discovery.DiscoveryClient    : Application is null : false
2024-08-30T09:29:30.736+05:30  INFO 10000 --- [restartedMain] com.netflix.discovery.DiscoveryClient    : Registered Applications size is zero : true
2024-08-30T09:29:30.736+05:30  INFO 10000 --- [restartedMain] com.netflix.discovery.DiscoveryClient    : Application version is -1: true
2024-08-30T09:29:30.736+05:30  INFO 10000 --- [restartedMain] com.netflix.discovery.DiscoveryClient    : Getting all instance registry info from the eureka server
2024-08-30T09:29:31.934+05:30  INFO 10000 --- [restartedMain] com.netflix.discovery.DiscoveryClient    : The response status is 200
2024-08-30T09:29:31.943+05:30  INFO 10000 --- [restartedMain] com.netflix.discovery.DiscoveryClient    : Starting heartbeat executor: renew interval is: 30
2024-08-30T09:29:31.955+05:30  INFO 10000 --- [restartedMain] c.n.discovery.InstanceInfoReplicator     : InstanceInfoReplicator onDemand update allowed rate per min is 4
2024-08-30T09:29:31.969+05:30  INFO 10000 --- [restartedMain] com.netflix.discovery.DiscoveryClient    : Discovery Client initialized at timestamp 1724990371967 with initial instances count: 1
2024-08-30T09:29:31.977+05:30  INFO 10000 --- [restartedMain] o.s.c.n.e.s.EurekaServiceRegistry        : Registering application MSACADEMY with eureka with status UP
2024-08-30T09:29:31.979+05:30  INFO 10000 --- [restartedMain] com.netflix.discovery.DiscoveryClient    : Saw local status change event StatusChangeEvent [timestamp=1724990371979, current=UP, previous=STARTING]
2024-08-30T09:29:31.986+05:30  INFO 10000 --- [DiscoveryClient-InstanceInfoReplicator-0] com.netflix.discovery.DiscoveryClient    : DiscoveryClient_MSACADEMY/STORMBREAKER:msacademy:9001: registering service...
2024-08-30T09:29:32.064+05:30  INFO 10000 --- [restartedMain] o.s.b.w.embedded.tomcat.TomcatWebServer  : Tomcat started on port(s): 9001 (http) with context path ''
2024-08-30T09:29:32.071+05:30  INFO 10000 --- [restartedMain] .s.c.n.e.s.EurekaAutoServiceRegistration : Updating port to 9001
2024-08-30T09:29:32.141+05:30  INFO 10000 --- [DiscoveryClient-InstanceInfoReplicator-0] com.netflix.discovery.DiscoveryClient    : DiscoveryClient_MSACADEMY/STORMBREAKER:msacademy:9001 - registration status: 204
2024-08-30T09:29:32.496+05:30  INFO 10000 --- [restartedMain] com.MainAcademy                          : Started MainAcademy in 22.345 seconds (process running for 23.695)
2024-08-30T09:31:29.894+05:30  INFO 10000 --- [http-nio-9001-exec-1] o.a.c.c.C.[Tomcat].[localhost].[/]       : Initializing Spring DispatcherServlet 'dispatcherServlet'
2024-08-30T09:31:29.901+05:30  INFO 10000 --- [http-nio-9001-exec-1] o.s.web.servlet.DispatcherServlet        : Initializing Servlet 'dispatcherServlet'
2024-08-30T09:31:29.909+05:30  INFO 10000 --- [http-nio-9001-exec-1] o.s.web.servlet.DispatcherServlet        : Completed initialization in 5 ms
2024-08-30T09:31:30.067+05:30  INFO 10000 --- [http-nio-9001-exec-1] com.controller.AcademyController         : Accessed into getAcademyById method with :academyid :1
2024-08-30T09:31:30.567+05:30 DEBUG 10000 --- [http-nio-9001-exec-1] org.hibernate.SQL                        : 
    select
        a1_0.academy_id,
        a1_0.academy_name,
        a1_0.address,
        a1_0.contact_number,
        a1_0.email_address,
        a1_0.postcode,
        a1_0.sport_name 
    from
        coaching_academy_details a1_0 
    where
        a1_0.academy_id=?
2024-08-30T09:31:30.824+05:30  INFO 10000 --- [http-nio-9001-exec-1] com.service.AcademyService               : academy details Optional[Academy [academyId=1, academyName=VSG, sportName=Cricket, address=Delhi, contactNumber=9873457891, emailAddress=vsg@gmail.com, postcode=878222]]
2024-08-30T09:31:38.126+05:30  INFO 10000 --- [http-nio-9001-exec-5] com.controller.AcademyController         : Accessed into getAcademyById method with :academyid :13
2024-08-30T09:31:38.137+05:30 DEBUG 10000 --- [http-nio-9001-exec-5] org.hibernate.SQL                        : 
    select
        a1_0.academy_id,
        a1_0.academy_name,
        a1_0.address,
        a1_0.contact_number,
        a1_0.email_address,
        a1_0.postcode,
        a1_0.sport_name 
    from
        coaching_academy_details a1_0 
    where
        a1_0.academy_id=?
2024-08-30T09:31:38.144+05:30  INFO 10000 --- [http-nio-9001-exec-5] com.service.AcademyService               : academy details Optional.empty
2024-08-30T09:31:38.152+05:30 DEBUG 10000 --- [http-nio-9001-exec-5] org.hibernate.SQL                        : 
    select
        a1_0.academy_id,
        a1_0.academy_name,
        a1_0.address,
        a1_0.contact_number,
        a1_0.email_address,
        a1_0.postcode,
        a1_0.sport_name 
    from
        coaching_academy_details a1_0 
    where
        a1_0.academy_id=?
2024-08-30T09:31:38.158+05:30 ERROR 10000 --- [http-nio-9001-exec-5] com.controller.AcademyController         : Verification failed for Acadmey  in Database with academyId:{}13
2024-08-30T09:31:38.173+05:30  WARN 10000 --- [http-nio-9001-exec-5] .m.m.a.ExceptionHandlerExceptionResolver : Resolved [com.exceptions.CustomException: No Acadmey Record Found 13]
2024-08-30T09:32:16.142+05:30  INFO 10000 --- [http-nio-9001-exec-8] com.controller.AcademyController         : Accessed into getAcademyById method with :academyid :1
2024-08-30T09:32:16.152+05:30 DEBUG 10000 --- [http-nio-9001-exec-8] org.hibernate.SQL                        : 
    select
        a1_0.academy_id,
        a1_0.academy_name,
        a1_0.address,
        a1_0.contact_number,
        a1_0.email_address,
        a1_0.postcode,
        a1_0.sport_name 
    from
        coaching_academy_details a1_0 
    where
        a1_0.academy_id=?
2024-08-30T09:32:16.170+05:30  INFO 10000 --- [http-nio-9001-exec-8] com.service.AcademyService               : academy details Optional[Academy [academyId=1, academyName=VSG, sportName=Cricket, address=Delhi, contactNumber=9873457891, emailAddress=vsg@gmail.com, postcode=878222]]
2024-08-30T09:32:19.810+05:30  INFO 10000 --- [http-nio-9001-exec-4] com.controller.AcademyController         : Accessed into getAcademyById method with :academyid :14
2024-08-30T09:32:19.816+05:30 DEBUG 10000 --- [http-nio-9001-exec-4] org.hibernate.SQL                        : 
    select
        a1_0.academy_id,
        a1_0.academy_name,
        a1_0.address,
        a1_0.contact_number,
        a1_0.email_address,
        a1_0.postcode,
        a1_0.sport_name 
    from
        coaching_academy_details a1_0 
    where
        a1_0.academy_id=?
2024-08-30T09:32:19.821+05:30  INFO 10000 --- [http-nio-9001-exec-4] com.service.AcademyService               : academy details Optional.empty
2024-08-30T09:32:19.823+05:30 DEBUG 10000 --- [http-nio-9001-exec-4] org.hibernate.SQL                        : 
    select
        a1_0.academy_id,
        a1_0.academy_name,
        a1_0.address,
        a1_0.contact_number,
        a1_0.email_address,
        a1_0.postcode,
        a1_0.sport_name 
    from
        coaching_academy_details a1_0 
    where
        a1_0.academy_id=?
2024-08-30T09:32:19.827+05:30 ERROR 10000 --- [http-nio-9001-exec-4] com.controller.AcademyController         : Verification failed for Acadmey  in Database with academyId:{}14
2024-08-30T09:32:19.835+05:30  WARN 10000 --- [http-nio-9001-exec-4] .m.m.a.ExceptionHandlerExceptionResolver : Resolved [com.exceptions.CustomException: No Acadmey Record Found 14]
2024-08-30T09:32:41.149+05:30  INFO 10000 --- [http-nio-9001-exec-3] com.controller.AcademyController         : Accessed into getAcademiesBySportName mehtod with : sportName:Cricket@
2024-08-30T09:32:41.152+05:30  WARN 10000 --- [http-nio-9001-exec-3] com.controller.AcademyController         : Invalid SportName :Cricket@
2024-08-30T09:32:41.157+05:30  WARN 10000 --- [http-nio-9001-exec-3] .m.m.a.ExceptionHandlerExceptionResolver : Resolved [com.exceptions.CustomException: Invalid sport name. Please check your input.]
2024-08-30T09:34:30.703+05:30  INFO 10000 --- [AsyncResolver-bootstrap-executor-0] c.n.d.s.r.aws.ConfigClusterResolver      : Resolving eureka endpoints via configuration
2024-08-30T09:34:35.372+05:30  INFO 10000 --- [http-nio-9001-exec-6] com.controller.AcademyController         : Accessed into getAcademiesBySportName mehtod with : sportName:Cricket
2024-08-30T09:34:35.707+05:30 DEBUG 10000 --- [http-nio-9001-exec-6] org.hibernate.SQL                        : 
    select
        a1_0.academy_id,
        a1_0.academy_name,
        a1_0.address,
        a1_0.contact_number,
        a1_0.email_address,
        a1_0.postcode,
        a1_0.sport_name 
    from
        coaching_academy_details a1_0 
    where
        a1_0.sport_name=?
2024-08-30T09:34:35.724+05:30  INFO 10000 --- [http-nio-9001-exec-6] com.service.AcademyService               : academy details based on sportname [Academy [academyId=1, academyName=VSG, sportName=Cricket, address=Delhi, contactNumber=9873457891, emailAddress=vsg@gmail.com, postcode=878222], Academy [academyId=3, academyName=National Cricket Academy, sportName=Cricket, address=Banglore, contactNumber=9000912345, emailAddress=ncabanglore@gmail.com, postcode=671122]]
2024-08-30T09:34:35.736+05:30 DEBUG 10000 --- [http-nio-9001-exec-6] org.hibernate.SQL                        : 
    select
        a1_0.academy_id,
        a1_0.academy_name,
        a1_0.address,
        a1_0.contact_number,
        a1_0.email_address,
        a1_0.postcode,
        a1_0.sport_name 
    from
        coaching_academy_details a1_0 
    where
        a1_0.sport_name=?
2024-08-30T09:39:30.665+05:30  INFO 10000 --- [AsyncResolver-bootstrap-executor-0] c.n.d.s.r.aws.ConfigClusterResolver      : Resolving eureka endpoints via configuration
2024-08-30T09:44:30.635+05:30  INFO 10000 --- [AsyncResolver-bootstrap-executor-0] c.n.d.s.r.aws.ConfigClusterResolver      : Resolving eureka endpoints via configuration
2024-08-30T09:49:30.609+05:30  INFO 10000 --- [AsyncResolver-bootstrap-executor-0] c.n.d.s.r.aws.ConfigClusterResolver      : Resolving eureka endpoints via configuration
2024-08-30T09:54:30.582+05:30  INFO 10000 --- [AsyncResolver-bootstrap-executor-0] c.n.d.s.r.aws.ConfigClusterResolver      : Resolving eureka endpoints via configuration
2024-08-30T09:59:30.558+05:30  INFO 10000 --- [AsyncResolver-bootstrap-executor-0] c.n.d.s.r.aws.ConfigClusterResolver      : Resolving eureka endpoints via configuration
2024-08-30T10:04:30.542+05:30  INFO 10000 --- [AsyncResolver-bootstrap-executor-0] c.n.d.s.r.aws.ConfigClusterResolver      : Resolving eureka endpoints via configuration
2024-08-30T10:09:30.524+05:30  INFO 10000 --- [AsyncResolver-bootstrap-executor-0] c.n.d.s.r.aws.ConfigClusterResolver      : Resolving eureka endpoints via configuration
2024-08-30T10:14:30.523+05:30  INFO 10000 --- [AsyncResolver-bootstrap-executor-0] c.n.d.s.r.aws.ConfigClusterResolver      : Resolving eureka endpoints via configuration
2024-08-30T10:19:30.510+05:30  INFO 10000 --- [AsyncResolver-bootstrap-executor-0] c.n.d.s.r.aws.ConfigClusterResolver      : Resolving eureka endpoints via configuration
2024-08-30T10:24:30.497+05:30  INFO 10000 --- [AsyncResolver-bootstrap-executor-0] c.n.d.s.r.aws.ConfigClusterResolver      : Resolving eureka endpoints via configuration
2024-08-30T10:29:30.484+05:30  INFO 10000 --- [AsyncResolver-bootstrap-executor-0] c.n.d.s.r.aws.ConfigClusterResolver      : Resolving eureka endpoints via configuration
2024-08-30T10:34:30.473+05:30  INFO 10000 --- [AsyncResolver-bootstrap-executor-0] c.n.d.s.r.aws.ConfigClusterResolver      : Resolving eureka endpoints via configuration
2024-08-30T10:39:30.464+05:30  INFO 10000 --- [AsyncResolver-bootstrap-executor-0] c.n.d.s.r.aws.ConfigClusterResolver      : Resolving eureka endpoints via configuration
2024-08-30T10:44:30.735+05:30  INFO 10000 --- [AsyncResolver-bootstrap-executor-0] c.n.d.s.r.aws.ConfigClusterResolver      : Resolving eureka endpoints via configuration
2024-08-30T10:47:19.752+05:30  INFO 10000 --- [File Watcher] rtingClassPathChangeChangedEventListener : Restarting due to 4 class path changes (0 additions, 0 deletions, 4 modifications)
2024-08-30T10:47:19.805+05:30  INFO 10000 --- [Thread-1] o.s.c.n.e.s.EurekaServiceRegistry        : Unregistering application MSACADEMY with eureka with status DOWN
2024-08-30T10:47:19.805+05:30  INFO 10000 --- [Thread-1] com.netflix.discovery.DiscoveryClient    : Saw local status change event StatusChangeEvent [timestamp=1724995039805, current=DOWN, previous=UP]
2024-08-30T10:47:19.807+05:30  INFO 10000 --- [DiscoveryClient-InstanceInfoReplicator-0] com.netflix.discovery.DiscoveryClient    : DiscoveryClient_MSACADEMY/STORMBREAKER:msacademy:9001: registering service...
2024-08-30T10:47:19.857+05:30  INFO 10000 --- [DiscoveryClient-InstanceInfoReplicator-0] com.netflix.discovery.DiscoveryClient    : DiscoveryClient_MSACADEMY/STORMBREAKER:msacademy:9001 - registration status: 204
2024-08-30T10:47:20.007+05:30  INFO 10000 --- [Thread-1] o.apache.catalina.core.StandardService   : Stopping service [Tomcat]
2024-08-30T10:47:20.045+05:30  INFO 10000 --- [Thread-1] o.a.c.c.C.[Tomcat].[localhost].[/]       : Destroying Spring FrameworkServlet 'dispatcherServlet'
2024-08-30T10:47:20.366+05:30  INFO 10000 --- [Thread-1] j.LocalContainerEntityManagerFactoryBean : Closing JPA EntityManagerFactory for persistence unit 'default'
2024-08-30T10:47:20.519+05:30  INFO 10000 --- [Thread-1] com.zaxxer.hikari.HikariDataSource       : HikariPool-1 - Shutdown initiated...
2024-08-30T10:47:20.572+05:30  INFO 10000 --- [Thread-1] com.zaxxer.hikari.HikariDataSource       : HikariPool-1 - Shutdown completed.
2024-08-30T10:47:20.576+05:30  INFO 10000 --- [Thread-1] com.netflix.discovery.DiscoveryClient    : Shutting down DiscoveryClient ...
2024-08-30T10:47:23.583+05:30  INFO 10000 --- [Thread-1] com.netflix.discovery.DiscoveryClient    : Unregistering ...
2024-08-30T10:47:23.601+05:30  INFO 10000 --- [Thread-1] com.netflix.discovery.DiscoveryClient    : DiscoveryClient_MSACADEMY/STORMBREAKER:msacademy:9001 - deregister  status: 200
2024-08-30T10:47:23.613+05:30  INFO 10000 --- [Thread-1] com.netflix.discovery.DiscoveryClient    : Completed shut down of DiscoveryClient
2024-08-30T10:47:24.399+05:30  INFO 10000 --- [restartedMain] com.MainAcademy                          : Starting MainAcademy using Java 17.0.10 with PID 10000 (C:\Users\neera\CapstoneProject\academy-module\target\classes started by neeraj in C:\Users\neera\CapstoneProject\academy-module)
2024-08-30T10:47:24.400+05:30  INFO 10000 --- [restartedMain] com.MainAcademy                          : No active profile set, falling back to 1 default profile: "default"
2024-08-30T10:47:27.232+05:30  INFO 10000 --- [restartedMain] .s.d.r.c.RepositoryConfigurationDelegate : Bootstrapping Spring Data JPA repositories in DEFAULT mode.
2024-08-30T10:47:27.702+05:30  INFO 10000 --- [restartedMain] .s.d.r.c.RepositoryConfigurationDelegate : Finished Spring Data repository scanning in 469 ms. Found 1 JPA repository interfaces.
2024-08-30T10:47:27.796+05:30  INFO 10000 --- [restartedMain] o.s.cloud.context.scope.GenericScope     : BeanFactory id=e737c610-095a-3f16-bedd-5763e8ec1a2d
2024-08-30T10:47:27.919+05:30  INFO 10000 --- [restartedMain] o.s.b.w.embedded.tomcat.TomcatWebServer  : Tomcat initialized with port(s): 9001 (http)
2024-08-30T10:47:27.920+05:30  INFO 10000 --- [restartedMain] o.apache.catalina.core.StandardService   : Starting service [Tomcat]
2024-08-30T10:47:27.920+05:30  INFO 10000 --- [restartedMain] o.apache.catalina.core.StandardEngine    : Starting Servlet engine: [Apache Tomcat/10.1.8]
2024-08-30T10:47:27.975+05:30  INFO 10000 --- [restartedMain] o.a.c.c.C.[Tomcat].[localhost].[/]       : Initializing Spring embedded WebApplicationContext
2024-08-30T10:47:27.976+05:30  INFO 10000 --- [restartedMain] w.s.c.ServletWebServerApplicationContext : Root WebApplicationContext: initialization completed in 3569 ms
2024-08-30T10:47:28.093+05:30  INFO 10000 --- [restartedMain] com.zaxxer.hikari.HikariDataSource       : HikariPool-2 - Starting...
2024-08-30T10:47:28.118+05:30  INFO 10000 --- [restartedMain] com.zaxxer.hikari.pool.HikariPool        : HikariPool-2 - Added connection com.mysql.cj.jdbc.ConnectionImpl@4b067cd2
2024-08-30T10:47:28.119+05:30  INFO 10000 --- [restartedMain] com.zaxxer.hikari.HikariDataSource       : HikariPool-2 - Start completed.
2024-08-30T10:47:28.122+05:30  INFO 10000 --- [restartedMain] o.hibernate.jpa.internal.util.LogHelper  : HHH000204: Processing PersistenceUnitInfo [name: default]
2024-08-30T10:47:28.158+05:30  INFO 10000 --- [restartedMain] o.h.b.i.BytecodeProviderInitiator        : HHH000021: Bytecode provider name : bytebuddy
2024-08-30T10:47:28.159+05:30  INFO 10000 --- [restartedMain] o.s.o.j.p.SpringPersistenceUnitInfo      : No LoadTimeWeaver setup: ignoring JPA class transformer
2024-08-30T10:47:28.163+05:30  INFO 10000 --- [restartedMain] org.hibernate.orm.dialect                : HHH035001: Using dialect: org.hibernate.dialect.MySQL8Dialect, version: 8.0
2024-08-30T10:47:28.163+05:30  WARN 10000 --- [restartedMain] org.hibernate.orm.deprecation            : HHH90000026: MySQL8Dialect has been deprecated; use org.hibernate.dialect.MySQLDialect instead
2024-08-30T10:47:28.184+05:30  INFO 10000 --- [restartedMain] o.h.b.i.BytecodeProviderInitiator        : HHH000021: Bytecode provider name : bytebuddy
2024-08-30T10:47:28.226+05:30  INFO 10000 --- [restartedMain] o.h.e.t.j.p.i.JtaPlatformInitiator       : HHH000490: Using JtaPlatform implementation: [org.hibernate.engine.transaction.jta.platform.internal.NoJtaPlatform]
2024-08-30T10:47:28.226+05:30  INFO 10000 --- [restartedMain] j.LocalContainerEntityManagerFactoryBean : Initialized JPA EntityManagerFactory for persistence unit 'default'
2024-08-30T10:47:28.354+05:30  WARN 10000 --- [restartedMain] JpaBaseConfiguration$JpaWebConfiguration : spring.jpa.open-in-view is enabled by default. Therefore, database queries may be performed during view rendering. Explicitly configure spring.jpa.open-in-view to disable this warning
2024-08-30T10:47:28.628+05:30  WARN 10000 --- [restartedMain] o.s.b.d.a.OptionalLiveReloadServer       : Unable to start LiveReload server
2024-08-30T10:47:28.774+05:30  INFO 10000 --- [restartedMain] DiscoveryClientOptionalArgsConfiguration : Eureka HTTP Client uses RestTemplate.
2024-08-30T10:47:28.938+05:30  WARN 10000 --- [restartedMain] iguration$LoadBalancerCaffeineWarnLogger : Spring Cloud LoadBalancer is currently working with the default cache. While this cache implementation is useful for development and tests, it's recommended to use Caffeine cache in production.You can switch to using Caffeine cache, by adding it and org.springframework.cache.caffeine.CaffeineCacheManager to the classpath.
2024-08-30T10:47:28.960+05:30  INFO 10000 --- [restartedMain] o.s.c.n.eureka.InstanceInfoFactory       : Setting initial instance status as: STARTING
2024-08-30T10:47:28.970+05:30  INFO 10000 --- [restartedMain] com.netflix.discovery.DiscoveryClient    : Initializing Eureka in region us-east-1
2024-08-30T10:47:28.971+05:30  INFO 10000 --- [restartedMain] c.n.d.s.r.aws.ConfigClusterResolver      : Resolving eureka endpoints via configuration
2024-08-30T10:47:28.986+05:30  INFO 10000 --- [restartedMain] com.netflix.discovery.DiscoveryClient    : Disable delta property : false
2024-08-30T10:47:28.986+05:30  INFO 10000 --- [restartedMain] com.netflix.discovery.DiscoveryClient    : Single vip registry refresh property : null
2024-08-30T10:47:28.986+05:30  INFO 10000 --- [restartedMain] com.netflix.discovery.DiscoveryClient    : Force full registry fetch : false
2024-08-30T10:47:28.986+05:30  INFO 10000 --- [restartedMain] com.netflix.discovery.DiscoveryClient    : Application is null : false
2024-08-30T10:47:28.986+05:30  INFO 10000 --- [restartedMain] com.netflix.discovery.DiscoveryClient    : Registered Applications size is zero : true
2024-08-30T10:47:28.986+05:30  INFO 10000 --- [restartedMain] com.netflix.discovery.DiscoveryClient    : Application version is -1: true
2024-08-30T10:47:28.986+05:30  INFO 10000 --- [restartedMain] com.netflix.discovery.DiscoveryClient    : Getting all instance registry info from the eureka server
2024-08-30T10:47:29.041+05:30  INFO 10000 --- [restartedMain] com.netflix.discovery.DiscoveryClient    : The response status is 200
2024-08-30T10:47:29.043+05:30  INFO 10000 --- [restartedMain] com.netflix.discovery.DiscoveryClient    : Starting heartbeat executor: renew interval is: 30
2024-08-30T10:47:29.045+05:30  INFO 10000 --- [restartedMain] c.n.discovery.InstanceInfoReplicator     : InstanceInfoReplicator onDemand update allowed rate per min is 4
2024-08-30T10:47:29.048+05:30  INFO 10000 --- [restartedMain] com.netflix.discovery.DiscoveryClient    : Discovery Client initialized at timestamp 1724995049048 with initial instances count: 3
2024-08-30T10:47:29.051+05:30  INFO 10000 --- [restartedMain] o.s.c.n.e.s.EurekaServiceRegistry        : Registering application MSACADEMY with eureka with status UP
2024-08-30T10:47:29.052+05:30  INFO 10000 --- [restartedMain] com.netflix.discovery.DiscoveryClient    : Saw local status change event StatusChangeEvent [timestamp=1724995049052, current=UP, previous=STARTING]
2024-08-30T10:47:29.052+05:30  INFO 10000 --- [DiscoveryClient-InstanceInfoReplicator-0] com.netflix.discovery.DiscoveryClient    : DiscoveryClient_MSACADEMY/STORMBREAKER:msacademy:9001: registering service...
2024-08-30T10:47:29.060+05:30  INFO 10000 --- [restartedMain] o.s.b.w.embedded.tomcat.TomcatWebServer  : Tomcat started on port(s): 9001 (http) with context path ''
2024-08-30T10:47:29.061+05:30  INFO 10000 --- [restartedMain] .s.c.n.e.s.EurekaAutoServiceRegistration : Updating port to 9001
2024-08-30T10:47:29.083+05:30  INFO 10000 --- [DiscoveryClient-InstanceInfoReplicator-0] com.netflix.discovery.DiscoveryClient    : DiscoveryClient_MSACADEMY/STORMBREAKER:msacademy:9001 - registration status: 204
2024-08-30T10:47:29.237+05:30  INFO 10000 --- [restartedMain] com.MainAcademy                          : Started MainAcademy in 5.026 seconds (process running for 4700.781)
2024-08-30T10:47:29.245+05:30  INFO 10000 --- [restartedMain] .ConditionEvaluationDeltaLoggingListener : Condition evaluation unchanged
2024-08-30T10:48:25.442+05:30  INFO 10000 --- [http-nio-9001-exec-2] o.a.c.c.C.[Tomcat].[localhost].[/]       : Initializing Spring DispatcherServlet 'dispatcherServlet'
2024-08-30T10:48:25.442+05:30  INFO 10000 --- [http-nio-9001-exec-2] o.s.web.servlet.DispatcherServlet        : Initializing Servlet 'dispatcherServlet'
2024-08-30T10:48:25.444+05:30  INFO 10000 --- [http-nio-9001-exec-2] o.s.web.servlet.DispatcherServlet        : Completed initialization in 1 ms
2024-08-30T10:48:25.451+05:30  INFO 10000 --- [http-nio-9001-exec-2] com.controller.AcademyController         : Accessed into getAcademiesBySportName mehtod with : sportName:Cricket
2024-08-30T10:48:25.455+05:30 DEBUG 10000 --- [http-nio-9001-exec-2] org.hibernate.SQL                        : 
    select
        a1_0.academy_id,
        a1_0.academy_name,
        a1_0.address,
        a1_0.contact_number,
        a1_0.email_address,
        a1_0.postcode,
        a1_0.sport_name 
    from
        coaching_academy_details a1_0 
    where
        a1_0.sport_name=?
2024-08-30T10:48:25.509+05:30  INFO 10000 --- [http-nio-9001-exec-2] com.service.AcademyService               : academy details based on sportname [Academy [academyId=1, academyName=VSG, sportName=Cricket, address=Delhi, contactNumber=9873457891, emailAddress=vsg@gmail.com, postcode=878222], Academy [academyId=3, academyName=National Cricket Academy, sportName=Cricket, address=Banglore, contactNumber=9000912345, emailAddress=ncabanglore@gmail.com, postcode=671122]]
2024-08-30T10:48:25.518+05:30 DEBUG 10000 --- [http-nio-9001-exec-2] org.hibernate.SQL                        : 
    select
        a1_0.academy_id,
        a1_0.academy_name,
        a1_0.address,
        a1_0.contact_number,
        a1_0.email_address,
        a1_0.postcode,
        a1_0.sport_name 
    from
        coaching_academy_details a1_0 
    where
        a1_0.sport_name=?
2024-08-30T10:52:28.980+05:30  INFO 10000 --- [AsyncResolver-bootstrap-executor-0] c.n.d.s.r.aws.ConfigClusterResolver      : Resolving eureka endpoints via configuration
2024-08-30T10:57:28.975+05:30  INFO 10000 --- [AsyncResolver-bootstrap-executor-0] c.n.d.s.r.aws.ConfigClusterResolver      : Resolving eureka endpoints via configuration
2024-08-30T11:02:28.969+05:30  INFO 10000 --- [AsyncResolver-bootstrap-executor-0] c.n.d.s.r.aws.ConfigClusterResolver      : Resolving eureka endpoints via configuration
2024-08-30T11:07:28.964+05:30  INFO 10000 --- [AsyncResolver-bootstrap-executor-0] c.n.d.s.r.aws.ConfigClusterResolver      : Resolving eureka endpoints via configuration
2024-08-30T11:12:28.961+05:30  INFO 10000 --- [AsyncResolver-bootstrap-executor-0] c.n.d.s.r.aws.ConfigClusterResolver      : Resolving eureka endpoints via configuration
2024-08-30T11:14:14.919+05:30  INFO 10000 --- [http-nio-9001-exec-1] com.controller.AcademyController         : Accessed into getAcademyById method with :academyid :2
2024-08-30T11:14:14.961+05:30 DEBUG 10000 --- [http-nio-9001-exec-1] org.hibernate.SQL                        : 
    select
        a1_0.academy_id,
        a1_0.academy_name,
        a1_0.address,
        a1_0.contact_number,
        a1_0.email_address,
        a1_0.postcode,
        a1_0.sport_name 
    from
        coaching_academy_details a1_0 
    where
        a1_0.academy_id=?
2024-08-30T11:14:14.972+05:30  INFO 10000 --- [http-nio-9001-exec-1] com.service.AcademyService               : academy details Optional[Academy [academyId=2, academyName=Gopichand Badminton, sportName=Badminton, address=Hyderabad, contactNumber=7828822223, emailAddress=gpb@gmail.com, postcode=500068]]
2024-08-30T11:14:50.365+05:30  INFO 10000 --- [http-nio-9001-exec-4] com.controller.AcademyController         : Accessed into getAcademyById method with :academyid :34
2024-08-30T11:14:50.367+05:30 DEBUG 10000 --- [http-nio-9001-exec-4] org.hibernate.SQL                        : 
    select
        a1_0.academy_id,
        a1_0.academy_name,
        a1_0.address,
        a1_0.contact_number,
        a1_0.email_address,
        a1_0.postcode,
        a1_0.sport_name 
    from
        coaching_academy_details a1_0 
    where
        a1_0.academy_id=?
2024-08-30T11:14:50.370+05:30  INFO 10000 --- [http-nio-9001-exec-4] com.service.AcademyService               : academy details Optional.empty
2024-08-30T11:14:50.374+05:30 DEBUG 10000 --- [http-nio-9001-exec-4] org.hibernate.SQL                        : 
    select
        a1_0.academy_id,
        a1_0.academy_name,
        a1_0.address,
        a1_0.contact_number,
        a1_0.email_address,
        a1_0.postcode,
        a1_0.sport_name 
    from
        coaching_academy_details a1_0 
    where
        a1_0.academy_id=?
2024-08-30T11:14:50.386+05:30 ERROR 10000 --- [http-nio-9001-exec-4] com.controller.AcademyController         : Verification failed for Acadmey  in Database with academyId:{}34
2024-08-30T11:14:50.396+05:30  WARN 10000 --- [http-nio-9001-exec-4] .m.m.a.ExceptionHandlerExceptionResolver : Resolved [com.exceptions.CustomException: No Acadmey Record Found 34]
2024-08-30T11:15:41.477+05:30  INFO 10000 --- [http-nio-9001-exec-5] com.controller.AcademyController         : Accessed into getAcademiesBySportName mehtod with : sportName:Cricket
2024-08-30T11:15:41.486+05:30 DEBUG 10000 --- [http-nio-9001-exec-5] org.hibernate.SQL                        : 
    select
        a1_0.academy_id,
        a1_0.academy_name,
        a1_0.address,
        a1_0.contact_number,
        a1_0.email_address,
        a1_0.postcode,
        a1_0.sport_name 
    from
        coaching_academy_details a1_0 
    where
        a1_0.sport_name=?
2024-08-30T11:15:41.488+05:30  INFO 10000 --- [http-nio-9001-exec-5] com.service.AcademyService               : academy details based on sportname [Academy [academyId=1, academyName=VSG, sportName=Cricket, address=Delhi, contactNumber=9873457891, emailAddress=vsg@gmail.com, postcode=878222], Academy [academyId=3, academyName=National Cricket Academy, sportName=Cricket, address=Banglore, contactNumber=9000912345, emailAddress=ncabanglore@gmail.com, postcode=671122]]
2024-08-30T11:15:41.489+05:30 DEBUG 10000 --- [http-nio-9001-exec-5] org.hibernate.SQL                        : 
    select
        a1_0.academy_id,
        a1_0.academy_name,
        a1_0.address,
        a1_0.contact_number,
        a1_0.email_address,
        a1_0.postcode,
        a1_0.sport_name 
    from
        coaching_academy_details a1_0 
    where
        a1_0.sport_name=?
2024-08-30T11:16:02.710+05:30  INFO 10000 --- [http-nio-9001-exec-8] com.controller.AcademyController         : Accessed into getAcademiesBySportName mehtod with : sportName:Football
2024-08-30T11:16:02.716+05:30 DEBUG 10000 --- [http-nio-9001-exec-8] org.hibernate.SQL                        : 
    select
        a1_0.academy_id,
        a1_0.academy_name,
        a1_0.address,
        a1_0.contact_number,
        a1_0.email_address,
        a1_0.postcode,
        a1_0.sport_name 
    from
        coaching_academy_details a1_0 
    where
        a1_0.sport_name=?
2024-08-30T11:16:02.718+05:30  INFO 10000 --- [http-nio-9001-exec-8] com.service.AcademyService               : academy details based on sportname []
2024-08-30T11:16:02.720+05:30 DEBUG 10000 --- [http-nio-9001-exec-8] org.hibernate.SQL                        : 
    select
        a1_0.academy_id,
        a1_0.academy_name,
        a1_0.address,
        a1_0.contact_number,
        a1_0.email_address,
        a1_0.postcode,
        a1_0.sport_name 
    from
        coaching_academy_details a1_0 
    where
        a1_0.sport_name=?
2024-08-30T11:16:02.722+05:30 ERROR 10000 --- [http-nio-9001-exec-8] com.controller.AcademyController         : Verficaiton failed for Sport Acadmey  in Database with :sportName:Football
2024-08-30T11:16:02.723+05:30  WARN 10000 --- [http-nio-9001-exec-8] .m.m.a.ExceptionHandlerExceptionResolver : Resolved [com.exceptions.CustomException: No SportAcadmey Record Found for Football]
2024-08-30T11:17:28.956+05:30  INFO 10000 --- [AsyncResolver-bootstrap-executor-0] c.n.d.s.r.aws.ConfigClusterResolver      : Resolving eureka endpoints via configuration
2024-08-30T11:18:00.082+05:30  INFO 10000 --- [http-nio-9001-exec-6] com.controller.AcademyController         : Accessed into getAcademyById method with :academyid :4
2024-08-30T11:18:00.085+05:30 DEBUG 10000 --- [http-nio-9001-exec-6] org.hibernate.SQL                        : 
    select
        a1_0.academy_id,
        a1_0.academy_name,
        a1_0.address,
        a1_0.contact_number,
        a1_0.email_address,
        a1_0.postcode,
        a1_0.sport_name 
    from
        coaching_academy_details a1_0 
    where
        a1_0.academy_id=?
2024-08-30T11:18:00.092+05:30  INFO 10000 --- [http-nio-9001-exec-6] com.service.AcademyService               : academy details Optional[Academy [academyId=4, academyName=StrokesSwimSchool, sportName=Swimming, address=Mumbai, contactNumber=6562122238, emailAddress=strokesswim@gmail.com, postcode=989233]]
2024-08-30T11:18:09.568+05:30  INFO 10000 --- [http-nio-9001-exec-10] com.controller.AcademyController         : Accessed into getAcademyById method with :academyid :4
2024-08-30T11:18:09.570+05:30 DEBUG 10000 --- [http-nio-9001-exec-10] org.hibernate.SQL                        : 
    select
        a1_0.academy_id,
        a1_0.academy_name,
        a1_0.address,
        a1_0.contact_number,
        a1_0.email_address,
        a1_0.postcode,
        a1_0.sport_name 
    from
        coaching_academy_details a1_0 
    where
        a1_0.academy_id=?
2024-08-30T11:18:09.572+05:30  INFO 10000 --- [http-nio-9001-exec-10] com.service.AcademyService               : academy details Optional[Academy [academyId=4, academyName=StrokesSwimSchool, sportName=Swimming, address=Mumbai, contactNumber=6562122238, emailAddress=strokesswim@gmail.com, postcode=989233]]
2024-08-30T11:22:28.953+05:30  INFO 10000 --- [AsyncResolver-bootstrap-executor-0] c.n.d.s.r.aws.ConfigClusterResolver      : Resolving eureka endpoints via configuration
2024-08-30T11:22:38.395+05:30  INFO 10000 --- [http-nio-9001-exec-2] com.controller.AcademyController         : Accessed into getAcademyById method with :academyid :4
2024-08-30T11:22:38.398+05:30 DEBUG 10000 --- [http-nio-9001-exec-2] org.hibernate.SQL                        : 
    select
        a1_0.academy_id,
        a1_0.academy_name,
        a1_0.address,
        a1_0.contact_number,
        a1_0.email_address,
        a1_0.postcode,
        a1_0.sport_name 
    from
        coaching_academy_details a1_0 
    where
        a1_0.academy_id=?
2024-08-30T11:22:38.406+05:30  INFO 10000 --- [http-nio-9001-exec-2] com.service.AcademyService               : academy details Optional[Academy [academyId=4, academyName=StrokesSwimSchool, sportName=Swimming, address=Mumbai, contactNumber=6562122238, emailAddress=strokesswim@gmail.com, postcode=989233]]
2024-08-30T11:27:28.951+05:30  INFO 10000 --- [AsyncResolver-bootstrap-executor-0] c.n.d.s.r.aws.ConfigClusterResolver      : Resolving eureka endpoints via configuration
2024-08-30T11:30:41.727+05:30  INFO 10000 --- [http-nio-9001-exec-8] o.springdoc.api.AbstractOpenApiResource  : Init duration for springdoc-openapi is: 5663 ms
2024-08-30T11:32:28.957+05:30  INFO 10000 --- [AsyncResolver-bootstrap-executor-0] c.n.d.s.r.aws.ConfigClusterResolver      : Resolving eureka endpoints via configuration
2024-08-30T11:37:28.960+05:30  INFO 10000 --- [AsyncResolver-bootstrap-executor-0] c.n.d.s.r.aws.ConfigClusterResolver      : Resolving eureka endpoints via configuration
2024-08-30T11:42:28.970+05:30  INFO 10000 --- [AsyncResolver-bootstrap-executor-0] c.n.d.s.r.aws.ConfigClusterResolver      : Resolving eureka endpoints via configuration
2024-08-30T11:47:28.978+05:30  INFO 10000 --- [AsyncResolver-bootstrap-executor-0] c.n.d.s.r.aws.ConfigClusterResolver      : Resolving eureka endpoints via configuration
2024-08-30T11:52:28.983+05:30  INFO 10000 --- [AsyncResolver-bootstrap-executor-0] c.n.d.s.r.aws.ConfigClusterResolver      : Resolving eureka endpoints via configuration
2024-08-30T11:57:28.990+05:30  INFO 10000 --- [AsyncResolver-bootstrap-executor-0] c.n.d.s.r.aws.ConfigClusterResolver      : Resolving eureka endpoints via configuration
2024-08-30T12:02:29.003+05:30  INFO 10000 --- [AsyncResolver-bootstrap-executor-0] c.n.d.s.r.aws.ConfigClusterResolver      : Resolving eureka endpoints via configuration
2024-08-30T12:07:29.003+05:30  INFO 10000 --- [AsyncResolver-bootstrap-executor-0] c.n.d.s.r.aws.ConfigClusterResolver      : Resolving eureka endpoints via configuration
2024-08-30T12:12:29.003+05:30  INFO 10000 --- [AsyncResolver-bootstrap-executor-0] c.n.d.s.r.aws.ConfigClusterResolver      : Resolving eureka endpoints via configuration
2024-08-30T12:17:29.004+05:30  INFO 10000 --- [AsyncResolver-bootstrap-executor-0] c.n.d.s.r.aws.ConfigClusterResolver      : Resolving eureka endpoints via configuration
2024-08-30T12:22:29.007+05:30  INFO 10000 --- [AsyncResolver-bootstrap-executor-0] c.n.d.s.r.aws.ConfigClusterResolver      : Resolving eureka endpoints via configuration
2024-08-30T12:27:29.009+05:30  INFO 10000 --- [AsyncResolver-bootstrap-executor-0] c.n.d.s.r.aws.ConfigClusterResolver      : Resolving eureka endpoints via configuration
2024-08-30T12:32:29.010+05:30  INFO 10000 --- [AsyncResolver-bootstrap-executor-0] c.n.d.s.r.aws.ConfigClusterResolver      : Resolving eureka endpoints via configuration
2024-08-30T12:37:29.011+05:30  INFO 10000 --- [AsyncResolver-bootstrap-executor-0] c.n.d.s.r.aws.ConfigClusterResolver      : Resolving eureka endpoints via configuration
2024-08-30T12:42:29.014+05:30  INFO 10000 --- [AsyncResolver-bootstrap-executor-0] c.n.d.s.r.aws.ConfigClusterResolver      : Resolving eureka endpoints via configuration
2024-08-30T12:47:29.016+05:30  INFO 10000 --- [AsyncResolver-bootstrap-executor-0] c.n.d.s.r.aws.ConfigClusterResolver      : Resolving eureka endpoints via configuration
2024-08-30T12:52:29.027+05:30  INFO 10000 --- [AsyncResolver-bootstrap-executor-0] c.n.d.s.r.aws.ConfigClusterResolver      : Resolving eureka endpoints via configuration
2024-08-30T12:57:29.028+05:30  INFO 10000 --- [AsyncResolver-bootstrap-executor-0] c.n.d.s.r.aws.ConfigClusterResolver      : Resolving eureka endpoints via configuration
2024-08-30T13:02:29.032+05:30  INFO 10000 --- [AsyncResolver-bootstrap-executor-0] c.n.d.s.r.aws.ConfigClusterResolver      : Resolving eureka endpoints via configuration
2024-08-30T13:07:29.040+05:30  INFO 10000 --- [AsyncResolver-bootstrap-executor-0] c.n.d.s.r.aws.ConfigClusterResolver      : Resolving eureka endpoints via configuration
2024-08-30T13:12:29.042+05:30  INFO 10000 --- [AsyncResolver-bootstrap-executor-0] c.n.d.s.r.aws.ConfigClusterResolver      : Resolving eureka endpoints via configuration
2024-08-30T13:17:29.057+05:30  INFO 10000 --- [AsyncResolver-bootstrap-executor-0] c.n.d.s.r.aws.ConfigClusterResolver      : Resolving eureka endpoints via configuration
2024-08-30T13:22:29.064+05:30  INFO 10000 --- [AsyncResolver-bootstrap-executor-0] c.n.d.s.r.aws.ConfigClusterResolver      : Resolving eureka endpoints via configuration
2024-08-30T13:27:29.076+05:30  INFO 10000 --- [AsyncResolver-bootstrap-executor-0] c.n.d.s.r.aws.ConfigClusterResolver      : Resolving eureka endpoints via configuration
2024-08-30T13:32:29.081+05:30  INFO 10000 --- [AsyncResolver-bootstrap-executor-0] c.n.d.s.r.aws.ConfigClusterResolver      : Resolving eureka endpoints via configuration
2024-08-30T13:37:29.096+05:30  INFO 10000 --- [AsyncResolver-bootstrap-executor-0] c.n.d.s.r.aws.ConfigClusterResolver      : Resolving eureka endpoints via configuration
2024-08-30T13:42:29.104+05:30  INFO 10000 --- [AsyncResolver-bootstrap-executor-0] c.n.d.s.r.aws.ConfigClusterResolver      : Resolving eureka endpoints via configuration
2024-08-30T13:47:29.113+05:30  INFO 10000 --- [AsyncResolver-bootstrap-executor-0] c.n.d.s.r.aws.ConfigClusterResolver      : Resolving eureka endpoints via configuration
2024-08-30T13:52:29.127+05:30  INFO 10000 --- [AsyncResolver-bootstrap-executor-0] c.n.d.s.r.aws.ConfigClusterResolver      : Resolving eureka endpoints via configuration
2024-08-30T13:57:29.129+05:30  INFO 10000 --- [AsyncResolver-bootstrap-executor-0] c.n.d.s.r.aws.ConfigClusterResolver      : Resolving eureka endpoints via configuration
2024-08-30T14:02:29.141+05:30  INFO 10000 --- [AsyncResolver-bootstrap-executor-0] c.n.d.s.r.aws.ConfigClusterResolver      : Resolving eureka endpoints via configuration
2024-08-30T14:07:29.146+05:30  INFO 10000 --- [AsyncResolver-bootstrap-executor-0] c.n.d.s.r.aws.ConfigClusterResolver      : Resolving eureka endpoints via configuration
2024-08-30T14:12:29.160+05:30  INFO 10000 --- [AsyncResolver-bootstrap-executor-0] c.n.d.s.r.aws.ConfigClusterResolver      : Resolving eureka endpoints via configuration
2024-08-30T14:17:29.176+05:30  INFO 10000 --- [AsyncResolver-bootstrap-executor-0] c.n.d.s.r.aws.ConfigClusterResolver      : Resolving eureka endpoints via configuration
2024-08-30T14:22:29.186+05:30  INFO 10000 --- [AsyncResolver-bootstrap-executor-0] c.n.d.s.r.aws.ConfigClusterResolver      : Resolving eureka endpoints via configuration
2024-08-30T14:27:29.197+05:30  INFO 10000 --- [AsyncResolver-bootstrap-executor-0] c.n.d.s.r.aws.ConfigClusterResolver      : Resolving eureka endpoints via configuration
2024-08-30T14:32:29.206+05:30  INFO 10000 --- [AsyncResolver-bootstrap-executor-0] c.n.d.s.r.aws.ConfigClusterResolver      : Resolving eureka endpoints via configuration
2024-08-30T14:37:29.223+05:30  INFO 10000 --- [AsyncResolver-bootstrap-executor-0] c.n.d.s.r.aws.ConfigClusterResolver      : Resolving eureka endpoints via configuration
2024-08-30T14:42:29.225+05:30  INFO 10000 --- [AsyncResolver-bootstrap-executor-0] c.n.d.s.r.aws.ConfigClusterResolver      : Resolving eureka endpoints via configuration
2024-08-30T14:47:29.226+05:30  INFO 10000 --- [AsyncResolver-bootstrap-executor-0] c.n.d.s.r.aws.ConfigClusterResolver      : Resolving eureka endpoints via configuration
2024-08-30T14:52:29.234+05:30  INFO 10000 --- [AsyncResolver-bootstrap-executor-0] c.n.d.s.r.aws.ConfigClusterResolver      : Resolving eureka endpoints via configuration
2024-08-30T14:57:29.246+05:30  INFO 10000 --- [AsyncResolver-bootstrap-executor-0] c.n.d.s.r.aws.ConfigClusterResolver      : Resolving eureka endpoints via configuration
2024-08-30T15:02:29.253+05:30  INFO 10000 --- [AsyncResolver-bootstrap-executor-0] c.n.d.s.r.aws.ConfigClusterResolver      : Resolving eureka endpoints via configuration
2024-08-30T15:07:29.261+05:30  INFO 10000 --- [AsyncResolver-bootstrap-executor-0] c.n.d.s.r.aws.ConfigClusterResolver      : Resolving eureka endpoints via configuration
2024-08-30T15:12:29.263+05:30  INFO 10000 --- [AsyncResolver-bootstrap-executor-0] c.n.d.s.r.aws.ConfigClusterResolver      : Resolving eureka endpoints via configuration
2024-08-30T15:17:29.266+05:30  INFO 10000 --- [AsyncResolver-bootstrap-executor-0] c.n.d.s.r.aws.ConfigClusterResolver      : Resolving eureka endpoints via configuration
2024-08-30T15:22:29.273+05:30  INFO 10000 --- [AsyncResolver-bootstrap-executor-0] c.n.d.s.r.aws.ConfigClusterResolver      : Resolving eureka endpoints via configuration
2024-08-30T15:27:29.275+05:30  INFO 10000 --- [AsyncResolver-bootstrap-executor-0] c.n.d.s.r.aws.ConfigClusterResolver      : Resolving eureka endpoints via configuration
2024-08-30T15:32:29.277+05:30  INFO 10000 --- [AsyncResolver-bootstrap-executor-0] c.n.d.s.r.aws.ConfigClusterResolver      : Resolving eureka endpoints via configuration
2024-08-30T15:37:29.278+05:30  INFO 10000 --- [AsyncResolver-bootstrap-executor-0] c.n.d.s.r.aws.ConfigClusterResolver      : Resolving eureka endpoints via configuration
2024-08-30T15:42:29.279+05:30  INFO 10000 --- [AsyncResolver-bootstrap-executor-0] c.n.d.s.r.aws.ConfigClusterResolver      : Resolving eureka endpoints via configuration
2024-08-30T15:47:29.282+05:30  INFO 10000 --- [AsyncResolver-bootstrap-executor-0] c.n.d.s.r.aws.ConfigClusterResolver      : Resolving eureka endpoints via configuration
2024-08-30T15:52:29.284+05:30  INFO 10000 --- [AsyncResolver-bootstrap-executor-0] c.n.d.s.r.aws.ConfigClusterResolver      : Resolving eureka endpoints via configuration
2024-08-30T15:57:29.286+05:30  INFO 10000 --- [AsyncResolver-bootstrap-executor-0] c.n.d.s.r.aws.ConfigClusterResolver      : Resolving eureka endpoints via configuration
2024-08-30T16:02:29.287+05:30  INFO 10000 --- [AsyncResolver-bootstrap-executor-0] c.n.d.s.r.aws.ConfigClusterResolver      : Resolving eureka endpoints via configuration
2024-08-30T16:07:29.289+05:30  INFO 10000 --- [AsyncResolver-bootstrap-executor-0] c.n.d.s.r.aws.ConfigClusterResolver      : Resolving eureka endpoints via configuration
2024-08-30T16:12:29.292+05:30  INFO 10000 --- [AsyncResolver-bootstrap-executor-0] c.n.d.s.r.aws.ConfigClusterResolver      : Resolving eureka endpoints via configuration
2024-08-30T16:17:29.295+05:30  INFO 10000 --- [AsyncResolver-bootstrap-executor-0] c.n.d.s.r.aws.ConfigClusterResolver      : Resolving eureka endpoints via configuration
2024-08-30T16:22:29.305+05:30  INFO 10000 --- [AsyncResolver-bootstrap-executor-0] c.n.d.s.r.aws.ConfigClusterResolver      : Resolving eureka endpoints via configuration
2024-08-30T16:27:29.312+05:30  INFO 10000 --- [AsyncResolver-bootstrap-executor-0] c.n.d.s.r.aws.ConfigClusterResolver      : Resolving eureka endpoints via configuration
2024-08-30T16:32:29.314+05:30  INFO 10000 --- [AsyncResolver-bootstrap-executor-0] c.n.d.s.r.aws.ConfigClusterResolver      : Resolving eureka endpoints via configuration
2024-08-30T16:37:29.316+05:30  INFO 10000 --- [AsyncResolver-bootstrap-executor-0] c.n.d.s.r.aws.ConfigClusterResolver      : Resolving eureka endpoints via configuration
2024-08-30T16:42:29.318+05:30  INFO 10000 --- [AsyncResolver-bootstrap-executor-0] c.n.d.s.r.aws.ConfigClusterResolver      : Resolving eureka endpoints via configuration
2024-08-30T16:47:29.343+05:30  INFO 10000 --- [AsyncResolver-bootstrap-executor-0] c.n.d.s.r.aws.ConfigClusterResolver      : Resolving eureka endpoints via configuration
2024-08-30T16:52:29.346+05:30  INFO 10000 --- [AsyncResolver-bootstrap-executor-0] c.n.d.s.r.aws.ConfigClusterResolver      : Resolving eureka endpoints via configuration
2024-08-30T16:57:29.349+05:30  INFO 10000 --- [AsyncResolver-bootstrap-executor-0] c.n.d.s.r.aws.ConfigClusterResolver      : Resolving eureka endpoints via configuration
2024-08-30T17:02:29.350+05:30  INFO 10000 --- [AsyncResolver-bootstrap-executor-0] c.n.d.s.r.aws.ConfigClusterResolver      : Resolving eureka endpoints via configuration
2024-08-30T17:07:29.353+05:30  INFO 10000 --- [AsyncResolver-bootstrap-executor-0] c.n.d.s.r.aws.ConfigClusterResolver      : Resolving eureka endpoints via configuration
2024-08-30T17:12:29.355+05:30  INFO 10000 --- [AsyncResolver-bootstrap-executor-0] c.n.d.s.r.aws.ConfigClusterResolver      : Resolving eureka endpoints via configuration
2024-08-30T17:17:29.358+05:30  INFO 10000 --- [AsyncResolver-bootstrap-executor-0] c.n.d.s.r.aws.ConfigClusterResolver      : Resolving eureka endpoints via configuration
2024-08-30T17:19:24.533+05:30  INFO 10000 --- [http-nio-9001-exec-6] com.controller.AcademyController         : Accessed into getAcademyById method with :academyid :1
2024-08-30T17:19:24.764+05:30 DEBUG 10000 --- [http-nio-9001-exec-6] org.hibernate.SQL                        : 
    select
        a1_0.academy_id,
        a1_0.academy_name,
        a1_0.address,
        a1_0.contact_number,
        a1_0.email_address,
        a1_0.postcode,
        a1_0.sport_name 
    from
        coaching_academy_details a1_0 
    where
        a1_0.academy_id=?
2024-08-30T17:19:24.902+05:30  INFO 10000 --- [http-nio-9001-exec-6] com.service.AcademyService               : academy details Optional[Academy [academyId=1, academyName=VSG, sportName=Cricket, address=Delhi, contactNumber=9873457891, emailAddress=vsg@gmail.com, postcode=878222]]
2024-08-30T17:22:29.361+05:30  INFO 10000 --- [AsyncResolver-bootstrap-executor-0] c.n.d.s.r.aws.ConfigClusterResolver      : Resolving eureka endpoints via configuration
2024-08-30T17:27:29.363+05:30  INFO 10000 --- [AsyncResolver-bootstrap-executor-0] c.n.d.s.r.aws.ConfigClusterResolver      : Resolving eureka endpoints via configuration
2024-08-30T17:32:29.366+05:30  INFO 10000 --- [AsyncResolver-bootstrap-executor-0] c.n.d.s.r.aws.ConfigClusterResolver      : Resolving eureka endpoints via configuration
2024-08-30T17:37:29.367+05:30  INFO 10000 --- [AsyncResolver-bootstrap-executor-0] c.n.d.s.r.aws.ConfigClusterResolver      : Resolving eureka endpoints via configuration
2024-08-30T17:42:29.385+05:30  INFO 10000 --- [AsyncResolver-bootstrap-executor-0] c.n.d.s.r.aws.ConfigClusterResolver      : Resolving eureka endpoints via configuration
